[PID=30035][Tue Mar 28 22:43:13 2017] Error : -196608(eVOLNOTMOUNTED_RDSM) in RDsM_ReadTrain.c:90
[PID=30035][Tue Mar 28 22:43:13 2017] Error : -196608(eVOLNOTMOUNTED_RDSM) in bfm_ReadTrain.c:90
[PID=30035][Tue Mar 28 22:43:13 2017] Error : -196608(eVOLNOTMOUNTED_RDSM) in BfM_GetTrain.c:113
[PID=30035][Tue Mar 28 22:43:13 2017] Error : -196608(eVOLNOTMOUNTED_RDSM) in EduOM_Test.c:562
[PID=30035][Tue Mar 28 22:43:14 2017] Error : -196608(eVOLNOTMOUNTED_RDSM) in RDsM_ReadTrain.c:90
[PID=30035][Tue Mar 28 22:43:14 2017] Error : -196608(eVOLNOTMOUNTED_RDSM) in bfm_ReadTrain.c:90
[PID=30035][Tue Mar 28 22:43:14 2017] Error : -196608(eVOLNOTMOUNTED_RDSM) in BfM_GetTrain.c:113
[PID=30035][Tue Mar 28 22:43:14 2017] Error : -196608(eVOLNOTMOUNTED_RDSM) in EduOM_Test.c:562
[PID=30035][Tue Mar 28 22:43:14 2017] Error : -196608(eVOLNOTMOUNTED_RDSM) in RDsM_ReadTrain.c:90
[PID=30035][Tue Mar 28 22:43:14 2017] Error : -196608(eVOLNOTMOUNTED_RDSM) in bfm_ReadTrain.c:90
[PID=30035][Tue Mar 28 22:43:14 2017] Error : -196608(eVOLNOTMOUNTED_RDSM) in BfM_GetTrain.c:113
[PID=30035][Tue Mar 28 22:43:14 2017] Error : -196608(eVOLNOTMOUNTED_RDSM) in EduOM_Test.c:618
[PID=30035][Tue Mar 28 22:43:14 2017] Error : -196608(eVOLNOTMOUNTED_RDSM) in RDsM_ReadTrain.c:90
[PID=30035][Tue Mar 28 22:43:14 2017] Error : -196608(eVOLNOTMOUNTED_RDSM) in bfm_ReadTrain.c:90
[PID=30035][Tue Mar 28 22:43:14 2017] Error : -196608(eVOLNOTMOUNTED_RDSM) in BfM_GetTrain.c:113
[PID=30035][Tue Mar 28 22:43:14 2017] Error : -196608(eVOLNOTMOUNTED_RDSM) in EduOM_Test.c:562
[PID=30035][Tue Mar 28 22:43:14 2017] Error : -196608(eVOLNOTMOUNTED_RDSM) in RDsM_ReadTrain.c:90
[PID=30035][Tue Mar 28 22:43:14 2017] Error : -196608(eVOLNOTMOUNTED_RDSM) in bfm_ReadTrain.c:90
[PID=30035][Tue Mar 28 22:43:14 2017] Error : -196608(eVOLNOTMOUNTED_RDSM) in BfM_GetTrain.c:113
[PID=30035][Tue Mar 28 22:43:14 2017] Error : -196608(eVOLNOTMOUNTED_RDSM) in EduOM_Test.c:562
[PID=30035][Tue Mar 28 22:43:14 2017] Error : -196608(eVOLNOTMOUNTED_RDSM) in RDsM_ReadTrain.c:90
[PID=30035][Tue Mar 28 22:43:14 2017] Error : -196608(eVOLNOTMOUNTED_RDSM) in bfm_ReadTrain.c:90
[PID=30035][Tue Mar 28 22:43:14 2017] Error : -196608(eVOLNOTMOUNTED_RDSM) in BfM_GetTrain.c:113
[PID=30035][Tue Mar 28 22:43:14 2017] Error : -196608(eVOLNOTMOUNTED_RDSM) in EduOM_Test.c:562
[PID=30035][Tue Mar 28 22:43:15 2017] Error : -196608(eVOLNOTMOUNTED_RDSM) in RDsM_ReadTrain.c:90
[PID=30035][Tue Mar 28 22:43:15 2017] Error : -196608(eVOLNOTMOUNTED_RDSM) in bfm_ReadTrain.c:90
[PID=30035][Tue Mar 28 22:43:15 2017] Error : -196608(eVOLNOTMOUNTED_RDSM) in BfM_GetTrain.c:113
[PID=30035][Tue Mar 28 22:43:15 2017] Error : -196608(eVOLNOTMOUNTED_RDSM) in EduOM_Test.c:665
[PID=30035][Tue Mar 28 22:43:15 2017] Error : -196608(eVOLNOTMOUNTED_RDSM) in RDsM_ReadTrain.c:90
[PID=30035][Tue Mar 28 22:43:15 2017] Error : -196608(eVOLNOTMOUNTED_RDSM) in bfm_ReadTrain.c:90
[PID=30035][Tue Mar 28 22:43:15 2017] Error : -196608(eVOLNOTMOUNTED_RDSM) in BfM_GetTrain.c:113
[PID=30035][Tue Mar 28 22:43:15 2017] Error : -196608(eVOLNOTMOUNTED_RDSM) in EduOM_Test.c:562
[PID=30035][Tue Mar 28 22:43:15 2017] Error : -1(Unix error code) in EduOM_Test.c:272
[PID=30035][Tue Mar 28 22:43:15 2017] Error : -589829(eNOLOGGEDTRANSACTION_RM) in RM_Transaction.c:311
[PID=30035][Tue Mar 28 22:43:15 2017] Error : -589829(eNOLOGGEDTRANSACTION_RM) in SM_Transaction.c:258
[PID=30035][Tue Mar 28 22:43:15 2017] Error : -589829(eNOLOGGEDTRANSACTION_RM) in SM_ThinLayer.c:761
[PID=30035][Tue Mar 28 22:43:15 2017] Error : -589829(eNOLOGGEDTRANSACTION_RM) in LRDS_Transaction.c:133
[PID=30035][Tue Mar 28 22:43:15 2017] Error : -65538(eBADPARAMETER) in Util_heap.c:298
[PID=30035][Tue Mar 28 22:43:15 2017] Error : -65538(eBADPARAMETER) in LRDS_CloseScan.c:107
[PID=30035][Tue Mar 28 22:43:15 2017] Error : -65538(eBADPARAMETER) in LRDS_Transaction.c:90
[PID=30035][Tue Mar 28 22:43:15 2017] Error : -65539(eBADVOLUMEID) in LRDS_Dismount.c:73
[PID=68199][Tue Mar  1 15:22:31 2022] Error : -196608(eVOLNOTMOUNTED_RDSM) in RDsM_ReadTrain.c:90
[PID=68199][Tue Mar  1 15:22:31 2022] Error : -196608(eVOLNOTMOUNTED_RDSM) in bfm_ReadTrain.c:90
[PID=68199][Tue Mar  1 15:22:31 2022] Error : -196608(eVOLNOTMOUNTED_RDSM) in BfM_GetTrain.c:113
[PID=68199][Tue Mar  1 15:22:31 2022] Error : -196608(eVOLNOTMOUNTED_RDSM) in EduOM_Test.c:533
[PID=68199][Tue Mar  1 15:22:31 2022] Error : -196608(eVOLNOTMOUNTED_RDSM) in RDsM_ReadTrain.c:90
[PID=68199][Tue Mar  1 15:22:31 2022] Error : -196608(eVOLNOTMOUNTED_RDSM) in bfm_ReadTrain.c:90
[PID=68199][Tue Mar  1 15:22:31 2022] Error : -196608(eVOLNOTMOUNTED_RDSM) in BfM_GetTrain.c:113
[PID=68199][Tue Mar  1 15:22:31 2022] Error : -196608(eVOLNOTMOUNTED_RDSM) in EduOM_Test.c:533
[PID=68199][Tue Mar  1 15:22:31 2022] Error : -196608(eVOLNOTMOUNTED_RDSM) in RDsM_ReadTrain.c:90
[PID=68199][Tue Mar  1 15:22:31 2022] Error : -196608(eVOLNOTMOUNTED_RDSM) in bfm_ReadTrain.c:90
[PID=68199][Tue Mar  1 15:22:31 2022] Error : -196608(eVOLNOTMOUNTED_RDSM) in BfM_GetTrain.c:113
[PID=68199][Tue Mar  1 15:22:31 2022] Error : -196608(eVOLNOTMOUNTED_RDSM) in EduOM_Test.c:589
[PID=68199][Tue Mar  1 15:22:31 2022] Error : -196608(eVOLNOTMOUNTED_RDSM) in RDsM_ReadTrain.c:90
[PID=68199][Tue Mar  1 15:22:31 2022] Error : -196608(eVOLNOTMOUNTED_RDSM) in bfm_ReadTrain.c:90
[PID=68199][Tue Mar  1 15:22:31 2022] Error : -196608(eVOLNOTMOUNTED_RDSM) in BfM_GetTrain.c:113
[PID=68199][Tue Mar  1 15:22:31 2022] Error : -196608(eVOLNOTMOUNTED_RDSM) in EduOM_Test.c:533
[PID=68199][Tue Mar  1 15:22:31 2022] Error : -196608(eVOLNOTMOUNTED_RDSM) in RDsM_ReadTrain.c:90
[PID=68199][Tue Mar  1 15:22:31 2022] Error : -196608(eVOLNOTMOUNTED_RDSM) in bfm_ReadTrain.c:90
[PID=68199][Tue Mar  1 15:22:31 2022] Error : -196608(eVOLNOTMOUNTED_RDSM) in BfM_GetTrain.c:113
[PID=68199][Tue Mar  1 15:22:31 2022] Error : -196608(eVOLNOTMOUNTED_RDSM) in EduOM_Test.c:533
[PID=68199][Tue Mar  1 15:22:31 2022] Error : -196608(eVOLNOTMOUNTED_RDSM) in RDsM_ReadTrain.c:90
[PID=68199][Tue Mar  1 15:22:31 2022] Error : -196608(eVOLNOTMOUNTED_RDSM) in bfm_ReadTrain.c:90
[PID=68199][Tue Mar  1 15:22:31 2022] Error : -196608(eVOLNOTMOUNTED_RDSM) in BfM_GetTrain.c:113
[PID=68199][Tue Mar  1 15:22:31 2022] Error : -196608(eVOLNOTMOUNTED_RDSM) in EduOM_Test.c:533
[PID=68199][Tue Mar  1 15:22:31 2022] Error : -196608(eVOLNOTMOUNTED_RDSM) in RDsM_ReadTrain.c:90
[PID=68199][Tue Mar  1 15:22:31 2022] Error : -196608(eVOLNOTMOUNTED_RDSM) in bfm_ReadTrain.c:90
[PID=68199][Tue Mar  1 15:22:31 2022] Error : -196608(eVOLNOTMOUNTED_RDSM) in BfM_GetTrain.c:113
[PID=68199][Tue Mar  1 15:22:31 2022] Error : -196608(eVOLNOTMOUNTED_RDSM) in EduOM_Test.c:634
[PID=68199][Tue Mar  1 15:22:31 2022] Error : -196608(eVOLNOTMOUNTED_RDSM) in RDsM_ReadTrain.c:90
[PID=68199][Tue Mar  1 15:22:31 2022] Error : -196608(eVOLNOTMOUNTED_RDSM) in bfm_ReadTrain.c:90
[PID=68199][Tue Mar  1 15:22:31 2022] Error : -196608(eVOLNOTMOUNTED_RDSM) in BfM_GetTrain.c:113
[PID=68199][Tue Mar  1 15:22:31 2022] Error : -196608(eVOLNOTMOUNTED_RDSM) in EduOM_Test.c:533
[PID=68199][Tue Mar  1 15:22:31 2022] Error : -1(Unix error code) in EduOM_Test.c:262
[PID=68199][Tue Mar  1 15:22:31 2022] Error : -589829(eNOLOGGEDTRANSACTION_RM) in RM_Transaction.c:311
[PID=68199][Tue Mar  1 15:22:31 2022] Error : -589829(eNOLOGGEDTRANSACTION_RM) in SM_Transaction.c:258
[PID=68199][Tue Mar  1 15:22:31 2022] Error : -589829(eNOLOGGEDTRANSACTION_RM) in SM_ThinLayer.c:761
[PID=68199][Tue Mar  1 15:22:31 2022] Error : -589829(eNOLOGGEDTRANSACTION_RM) in LRDS_Transaction.c:133
[PID=68357][Tue Mar  1 15:22:42 2022] Error : -196608(eVOLNOTMOUNTED_RDSM) in RDsM_ReadTrain.c:90
[PID=68357][Tue Mar  1 15:22:42 2022] Error : -196608(eVOLNOTMOUNTED_RDSM) in bfm_ReadTrain.c:90
[PID=68357][Tue Mar  1 15:22:42 2022] Error : -196608(eVOLNOTMOUNTED_RDSM) in BfM_GetTrain.c:113
[PID=68357][Tue Mar  1 15:22:42 2022] Error : -196608(eVOLNOTMOUNTED_RDSM) in EduOM_Test.c:533
[PID=68357][Tue Mar  1 15:22:42 2022] Error : -196608(eVOLNOTMOUNTED_RDSM) in RDsM_ReadTrain.c:90
[PID=68357][Tue Mar  1 15:22:42 2022] Error : -196608(eVOLNOTMOUNTED_RDSM) in bfm_ReadTrain.c:90
[PID=68357][Tue Mar  1 15:22:42 2022] Error : -196608(eVOLNOTMOUNTED_RDSM) in BfM_GetTrain.c:113
[PID=68357][Tue Mar  1 15:22:42 2022] Error : -196608(eVOLNOTMOUNTED_RDSM) in EduOM_Test.c:533
[PID=68357][Tue Mar  1 15:22:42 2022] Error : -196608(eVOLNOTMOUNTED_RDSM) in RDsM_ReadTrain.c:90
[PID=68357][Tue Mar  1 15:22:42 2022] Error : -196608(eVOLNOTMOUNTED_RDSM) in bfm_ReadTrain.c:90
[PID=68357][Tue Mar  1 15:22:42 2022] Error : -196608(eVOLNOTMOUNTED_RDSM) in BfM_GetTrain.c:113
[PID=68357][Tue Mar  1 15:22:42 2022] Error : -196608(eVOLNOTMOUNTED_RDSM) in EduOM_Test.c:589
[PID=68357][Tue Mar  1 15:22:42 2022] Error : -196608(eVOLNOTMOUNTED_RDSM) in RDsM_ReadTrain.c:90
[PID=68357][Tue Mar  1 15:22:42 2022] Error : -196608(eVOLNOTMOUNTED_RDSM) in bfm_ReadTrain.c:90
[PID=68357][Tue Mar  1 15:22:42 2022] Error : -196608(eVOLNOTMOUNTED_RDSM) in BfM_GetTrain.c:113
[PID=68357][Tue Mar  1 15:22:42 2022] Error : -196608(eVOLNOTMOUNTED_RDSM) in EduOM_Test.c:533
[PID=68357][Tue Mar  1 15:22:42 2022] Error : -196608(eVOLNOTMOUNTED_RDSM) in RDsM_ReadTrain.c:90
[PID=68357][Tue Mar  1 15:22:42 2022] Error : -196608(eVOLNOTMOUNTED_RDSM) in bfm_ReadTrain.c:90
[PID=68357][Tue Mar  1 15:22:42 2022] Error : -196608(eVOLNOTMOUNTED_RDSM) in BfM_GetTrain.c:113
[PID=68357][Tue Mar  1 15:22:42 2022] Error : -196608(eVOLNOTMOUNTED_RDSM) in EduOM_Test.c:533
[PID=68357][Tue Mar  1 15:22:42 2022] Error : -196608(eVOLNOTMOUNTED_RDSM) in RDsM_ReadTrain.c:90
[PID=68357][Tue Mar  1 15:22:42 2022] Error : -196608(eVOLNOTMOUNTED_RDSM) in bfm_ReadTrain.c:90
[PID=68357][Tue Mar  1 15:22:42 2022] Error : -196608(eVOLNOTMOUNTED_RDSM) in BfM_GetTrain.c:113
[PID=68357][Tue Mar  1 15:22:42 2022] Error : -196608(eVOLNOTMOUNTED_RDSM) in EduOM_Test.c:533
[PID=68357][Tue Mar  1 15:22:42 2022] Error : -196608(eVOLNOTMOUNTED_RDSM) in RDsM_ReadTrain.c:90
[PID=68357][Tue Mar  1 15:22:42 2022] Error : -196608(eVOLNOTMOUNTED_RDSM) in bfm_ReadTrain.c:90
[PID=68357][Tue Mar  1 15:22:42 2022] Error : -196608(eVOLNOTMOUNTED_RDSM) in BfM_GetTrain.c:113
[PID=68357][Tue Mar  1 15:22:42 2022] Error : -196608(eVOLNOTMOUNTED_RDSM) in EduOM_Test.c:634
[PID=68357][Tue Mar  1 15:22:42 2022] Error : -196608(eVOLNOTMOUNTED_RDSM) in RDsM_ReadTrain.c:90
[PID=68357][Tue Mar  1 15:22:42 2022] Error : -196608(eVOLNOTMOUNTED_RDSM) in bfm_ReadTrain.c:90
[PID=68357][Tue Mar  1 15:22:42 2022] Error : -196608(eVOLNOTMOUNTED_RDSM) in BfM_GetTrain.c:113
[PID=68357][Tue Mar  1 15:22:42 2022] Error : -196608(eVOLNOTMOUNTED_RDSM) in EduOM_Test.c:533
[PID=68357][Tue Mar  1 15:22:42 2022] Error : -1(Unix error code) in EduOM_Test.c:262
[PID=68357][Tue Mar  1 15:22:42 2022] Error : -589829(eNOLOGGEDTRANSACTION_RM) in RM_Transaction.c:311
[PID=68357][Tue Mar  1 15:22:42 2022] Error : -589829(eNOLOGGEDTRANSACTION_RM) in SM_Transaction.c:258
[PID=68357][Tue Mar  1 15:22:42 2022] Error : -589829(eNOLOGGEDTRANSACTION_RM) in SM_ThinLayer.c:761
[PID=68357][Tue Mar  1 15:22:42 2022] Error : -589829(eNOLOGGEDTRANSACTION_RM) in LRDS_Transaction.c:133
[PID=68571][Tue Mar  1 15:23:00 2022] Error : -196608(eVOLNOTMOUNTED_RDSM) in RDsM_ReadTrain.c:90
[PID=68571][Tue Mar  1 15:23:00 2022] Error : -196608(eVOLNOTMOUNTED_RDSM) in bfm_ReadTrain.c:90
[PID=68571][Tue Mar  1 15:23:00 2022] Error : -196608(eVOLNOTMOUNTED_RDSM) in BfM_GetTrain.c:113
[PID=68571][Tue Mar  1 15:23:00 2022] Error : -196608(eVOLNOTMOUNTED_RDSM) in EduOM_Test.c:533
[PID=68571][Tue Mar  1 15:23:00 2022] Error : -196608(eVOLNOTMOUNTED_RDSM) in RDsM_ReadTrain.c:90
[PID=68571][Tue Mar  1 15:23:00 2022] Error : -196608(eVOLNOTMOUNTED_RDSM) in bfm_ReadTrain.c:90
[PID=68571][Tue Mar  1 15:23:00 2022] Error : -196608(eVOLNOTMOUNTED_RDSM) in BfM_GetTrain.c:113
[PID=68571][Tue Mar  1 15:23:00 2022] Error : -196608(eVOLNOTMOUNTED_RDSM) in EduOM_Test.c:533
[PID=68571][Tue Mar  1 15:23:00 2022] Error : -196608(eVOLNOTMOUNTED_RDSM) in RDsM_ReadTrain.c:90
[PID=68571][Tue Mar  1 15:23:00 2022] Error : -196608(eVOLNOTMOUNTED_RDSM) in bfm_ReadTrain.c:90
[PID=68571][Tue Mar  1 15:23:00 2022] Error : -196608(eVOLNOTMOUNTED_RDSM) in BfM_GetTrain.c:113
[PID=68571][Tue Mar  1 15:23:00 2022] Error : -196608(eVOLNOTMOUNTED_RDSM) in EduOM_Test.c:589
[PID=68571][Tue Mar  1 15:23:00 2022] Error : -196608(eVOLNOTMOUNTED_RDSM) in RDsM_ReadTrain.c:90
[PID=68571][Tue Mar  1 15:23:00 2022] Error : -196608(eVOLNOTMOUNTED_RDSM) in bfm_ReadTrain.c:90
[PID=68571][Tue Mar  1 15:23:00 2022] Error : -196608(eVOLNOTMOUNTED_RDSM) in BfM_GetTrain.c:113
[PID=68571][Tue Mar  1 15:23:00 2022] Error : -196608(eVOLNOTMOUNTED_RDSM) in EduOM_Test.c:533
[PID=68571][Tue Mar  1 15:23:00 2022] Error : -196608(eVOLNOTMOUNTED_RDSM) in RDsM_ReadTrain.c:90
[PID=68571][Tue Mar  1 15:23:00 2022] Error : -196608(eVOLNOTMOUNTED_RDSM) in bfm_ReadTrain.c:90
[PID=68571][Tue Mar  1 15:23:00 2022] Error : -196608(eVOLNOTMOUNTED_RDSM) in BfM_GetTrain.c:113
[PID=68571][Tue Mar  1 15:23:00 2022] Error : -196608(eVOLNOTMOUNTED_RDSM) in EduOM_Test.c:533
[PID=68571][Tue Mar  1 15:23:00 2022] Error : -196608(eVOLNOTMOUNTED_RDSM) in RDsM_ReadTrain.c:90
[PID=68571][Tue Mar  1 15:23:00 2022] Error : -196608(eVOLNOTMOUNTED_RDSM) in bfm_ReadTrain.c:90
[PID=68571][Tue Mar  1 15:23:00 2022] Error : -196608(eVOLNOTMOUNTED_RDSM) in BfM_GetTrain.c:113
[PID=68571][Tue Mar  1 15:23:00 2022] Error : -196608(eVOLNOTMOUNTED_RDSM) in EduOM_Test.c:533
[PID=68571][Tue Mar  1 15:23:00 2022] Error : -196608(eVOLNOTMOUNTED_RDSM) in RDsM_ReadTrain.c:90
[PID=68571][Tue Mar  1 15:23:00 2022] Error : -196608(eVOLNOTMOUNTED_RDSM) in bfm_ReadTrain.c:90
[PID=68571][Tue Mar  1 15:23:00 2022] Error : -196608(eVOLNOTMOUNTED_RDSM) in BfM_GetTrain.c:113
[PID=68571][Tue Mar  1 15:23:00 2022] Error : -196608(eVOLNOTMOUNTED_RDSM) in EduOM_Test.c:634
[PID=68571][Tue Mar  1 15:23:00 2022] Error : -196608(eVOLNOTMOUNTED_RDSM) in RDsM_ReadTrain.c:90
[PID=68571][Tue Mar  1 15:23:00 2022] Error : -196608(eVOLNOTMOUNTED_RDSM) in bfm_ReadTrain.c:90
[PID=68571][Tue Mar  1 15:23:00 2022] Error : -196608(eVOLNOTMOUNTED_RDSM) in BfM_GetTrain.c:113
[PID=68571][Tue Mar  1 15:23:00 2022] Error : -196608(eVOLNOTMOUNTED_RDSM) in EduOM_Test.c:533
[PID=68571][Tue Mar  1 15:23:00 2022] Error : -1(Unix error code) in EduOM_Test.c:262
[PID=68571][Tue Mar  1 15:23:00 2022] Error : -589829(eNOLOGGEDTRANSACTION_RM) in RM_Transaction.c:311
[PID=68571][Tue Mar  1 15:23:00 2022] Error : -589829(eNOLOGGEDTRANSACTION_RM) in SM_Transaction.c:258
[PID=68571][Tue Mar  1 15:23:00 2022] Error : -589829(eNOLOGGEDTRANSACTION_RM) in SM_ThinLayer.c:761
[PID=68571][Tue Mar  1 15:23:00 2022] Error : -589829(eNOLOGGEDTRANSACTION_RM) in LRDS_Transaction.c:133
[PID=68743][Tue Mar  1 15:23:13 2022] Error : -196608(eVOLNOTMOUNTED_RDSM) in RDsM_ReadTrain.c:90
[PID=68743][Tue Mar  1 15:23:13 2022] Error : -196608(eVOLNOTMOUNTED_RDSM) in bfm_ReadTrain.c:90
[PID=68743][Tue Mar  1 15:23:13 2022] Error : -196608(eVOLNOTMOUNTED_RDSM) in BfM_GetTrain.c:113
[PID=68743][Tue Mar  1 15:23:13 2022] Error : -196608(eVOLNOTMOUNTED_RDSM) in EduOM_Test.c:533
[PID=68743][Tue Mar  1 15:23:13 2022] Error : -196608(eVOLNOTMOUNTED_RDSM) in RDsM_ReadTrain.c:90
[PID=68743][Tue Mar  1 15:23:13 2022] Error : -196608(eVOLNOTMOUNTED_RDSM) in bfm_ReadTrain.c:90
[PID=68743][Tue Mar  1 15:23:13 2022] Error : -196608(eVOLNOTMOUNTED_RDSM) in BfM_GetTrain.c:113
[PID=68743][Tue Mar  1 15:23:13 2022] Error : -196608(eVOLNOTMOUNTED_RDSM) in EduOM_Test.c:533
[PID=68743][Tue Mar  1 15:23:13 2022] Error : -196608(eVOLNOTMOUNTED_RDSM) in RDsM_ReadTrain.c:90
[PID=68743][Tue Mar  1 15:23:13 2022] Error : -196608(eVOLNOTMOUNTED_RDSM) in bfm_ReadTrain.c:90
[PID=68743][Tue Mar  1 15:23:13 2022] Error : -196608(eVOLNOTMOUNTED_RDSM) in BfM_GetTrain.c:113
[PID=68743][Tue Mar  1 15:23:13 2022] Error : -196608(eVOLNOTMOUNTED_RDSM) in EduOM_Test.c:589
[PID=68743][Tue Mar  1 15:23:13 2022] Error : -196608(eVOLNOTMOUNTED_RDSM) in RDsM_ReadTrain.c:90
[PID=68743][Tue Mar  1 15:23:13 2022] Error : -196608(eVOLNOTMOUNTED_RDSM) in bfm_ReadTrain.c:90
[PID=68743][Tue Mar  1 15:23:13 2022] Error : -196608(eVOLNOTMOUNTED_RDSM) in BfM_GetTrain.c:113
[PID=68743][Tue Mar  1 15:23:13 2022] Error : -196608(eVOLNOTMOUNTED_RDSM) in EduOM_Test.c:533
[PID=68743][Tue Mar  1 15:23:13 2022] Error : -196608(eVOLNOTMOUNTED_RDSM) in RDsM_ReadTrain.c:90
[PID=68743][Tue Mar  1 15:23:13 2022] Error : -196608(eVOLNOTMOUNTED_RDSM) in bfm_ReadTrain.c:90
[PID=68743][Tue Mar  1 15:23:13 2022] Error : -196608(eVOLNOTMOUNTED_RDSM) in BfM_GetTrain.c:113
[PID=68743][Tue Mar  1 15:23:13 2022] Error : -196608(eVOLNOTMOUNTED_RDSM) in EduOM_Test.c:533
[PID=68743][Tue Mar  1 15:23:13 2022] Error : -196608(eVOLNOTMOUNTED_RDSM) in RDsM_ReadTrain.c:90
[PID=68743][Tue Mar  1 15:23:13 2022] Error : -196608(eVOLNOTMOUNTED_RDSM) in bfm_ReadTrain.c:90
[PID=68743][Tue Mar  1 15:23:13 2022] Error : -196608(eVOLNOTMOUNTED_RDSM) in BfM_GetTrain.c:113
[PID=68743][Tue Mar  1 15:23:13 2022] Error : -196608(eVOLNOTMOUNTED_RDSM) in EduOM_Test.c:533
[PID=68743][Tue Mar  1 15:23:13 2022] Error : -196608(eVOLNOTMOUNTED_RDSM) in RDsM_ReadTrain.c:90
[PID=68743][Tue Mar  1 15:23:13 2022] Error : -196608(eVOLNOTMOUNTED_RDSM) in bfm_ReadTrain.c:90
[PID=68743][Tue Mar  1 15:23:13 2022] Error : -196608(eVOLNOTMOUNTED_RDSM) in BfM_GetTrain.c:113
[PID=68743][Tue Mar  1 15:23:13 2022] Error : -196608(eVOLNOTMOUNTED_RDSM) in EduOM_Test.c:634
[PID=68743][Tue Mar  1 15:23:13 2022] Error : -196608(eVOLNOTMOUNTED_RDSM) in RDsM_ReadTrain.c:90
[PID=68743][Tue Mar  1 15:23:13 2022] Error : -196608(eVOLNOTMOUNTED_RDSM) in bfm_ReadTrain.c:90
[PID=68743][Tue Mar  1 15:23:13 2022] Error : -196608(eVOLNOTMOUNTED_RDSM) in BfM_GetTrain.c:113
[PID=68743][Tue Mar  1 15:23:13 2022] Error : -196608(eVOLNOTMOUNTED_RDSM) in EduOM_Test.c:533
[PID=68743][Tue Mar  1 15:23:13 2022] Error : -1(Unix error code) in EduOM_Test.c:262
[PID=68743][Tue Mar  1 15:23:13 2022] Error : -589829(eNOLOGGEDTRANSACTION_RM) in RM_Transaction.c:311
[PID=68743][Tue Mar  1 15:23:13 2022] Error : -589829(eNOLOGGEDTRANSACTION_RM) in SM_Transaction.c:258
[PID=68743][Tue Mar  1 15:23:13 2022] Error : -589829(eNOLOGGEDTRANSACTION_RM) in SM_ThinLayer.c:761
[PID=68743][Tue Mar  1 15:23:13 2022] Error : -589829(eNOLOGGEDTRANSACTION_RM) in LRDS_Transaction.c:133
[PID=71852][Tue Mar  1 15:28:29 2022] Error : -196608(eVOLNOTMOUNTED_RDSM) in RDsM_ReadTrain.c:90
[PID=71852][Tue Mar  1 15:28:29 2022] Error : -196608(eVOLNOTMOUNTED_RDSM) in bfm_ReadTrain.c:90
[PID=71852][Tue Mar  1 15:28:29 2022] Error : -196608(eVOLNOTMOUNTED_RDSM) in BfM_GetTrain.c:113
[PID=71852][Tue Mar  1 15:28:29 2022] Error : -196608(eVOLNOTMOUNTED_RDSM) in EduOM_Test.c:533
[PID=71852][Tue Mar  1 15:28:29 2022] Error : -196608(eVOLNOTMOUNTED_RDSM) in RDsM_ReadTrain.c:90
[PID=71852][Tue Mar  1 15:28:29 2022] Error : -196608(eVOLNOTMOUNTED_RDSM) in bfm_ReadTrain.c:90
[PID=71852][Tue Mar  1 15:28:29 2022] Error : -196608(eVOLNOTMOUNTED_RDSM) in BfM_GetTrain.c:113
[PID=71852][Tue Mar  1 15:28:29 2022] Error : -196608(eVOLNOTMOUNTED_RDSM) in EduOM_Test.c:533
[PID=71852][Tue Mar  1 15:28:29 2022] Error : -196608(eVOLNOTMOUNTED_RDSM) in RDsM_ReadTrain.c:90
[PID=71852][Tue Mar  1 15:28:29 2022] Error : -196608(eVOLNOTMOUNTED_RDSM) in bfm_ReadTrain.c:90
[PID=71852][Tue Mar  1 15:28:29 2022] Error : -196608(eVOLNOTMOUNTED_RDSM) in BfM_GetTrain.c:113
[PID=71852][Tue Mar  1 15:28:29 2022] Error : -196608(eVOLNOTMOUNTED_RDSM) in EduOM_Test.c:589
[PID=71852][Tue Mar  1 15:28:29 2022] Error : -196608(eVOLNOTMOUNTED_RDSM) in RDsM_ReadTrain.c:90
[PID=71852][Tue Mar  1 15:28:29 2022] Error : -196608(eVOLNOTMOUNTED_RDSM) in bfm_ReadTrain.c:90
[PID=71852][Tue Mar  1 15:28:29 2022] Error : -196608(eVOLNOTMOUNTED_RDSM) in BfM_GetTrain.c:113
[PID=71852][Tue Mar  1 15:28:29 2022] Error : -196608(eVOLNOTMOUNTED_RDSM) in EduOM_Test.c:533
[PID=71852][Tue Mar  1 15:28:29 2022] Error : -196608(eVOLNOTMOUNTED_RDSM) in RDsM_ReadTrain.c:90
[PID=71852][Tue Mar  1 15:28:29 2022] Error : -196608(eVOLNOTMOUNTED_RDSM) in bfm_ReadTrain.c:90
[PID=71852][Tue Mar  1 15:28:29 2022] Error : -196608(eVOLNOTMOUNTED_RDSM) in BfM_GetTrain.c:113
[PID=71852][Tue Mar  1 15:28:29 2022] Error : -196608(eVOLNOTMOUNTED_RDSM) in EduOM_Test.c:533
[PID=71852][Tue Mar  1 15:28:29 2022] Error : -196608(eVOLNOTMOUNTED_RDSM) in RDsM_ReadTrain.c:90
[PID=71852][Tue Mar  1 15:28:29 2022] Error : -196608(eVOLNOTMOUNTED_RDSM) in bfm_ReadTrain.c:90
[PID=71852][Tue Mar  1 15:28:29 2022] Error : -196608(eVOLNOTMOUNTED_RDSM) in BfM_GetTrain.c:113
[PID=71852][Tue Mar  1 15:28:29 2022] Error : -196608(eVOLNOTMOUNTED_RDSM) in EduOM_Test.c:533
[PID=71852][Tue Mar  1 15:28:29 2022] Error : -196608(eVOLNOTMOUNTED_RDSM) in RDsM_ReadTrain.c:90
[PID=71852][Tue Mar  1 15:28:29 2022] Error : -196608(eVOLNOTMOUNTED_RDSM) in bfm_ReadTrain.c:90
[PID=71852][Tue Mar  1 15:28:29 2022] Error : -196608(eVOLNOTMOUNTED_RDSM) in BfM_GetTrain.c:113
[PID=71852][Tue Mar  1 15:28:29 2022] Error : -196608(eVOLNOTMOUNTED_RDSM) in EduOM_Test.c:634
[PID=71852][Tue Mar  1 15:28:29 2022] Error : -196608(eVOLNOTMOUNTED_RDSM) in RDsM_ReadTrain.c:90
[PID=71852][Tue Mar  1 15:28:29 2022] Error : -196608(eVOLNOTMOUNTED_RDSM) in bfm_ReadTrain.c:90
[PID=71852][Tue Mar  1 15:28:29 2022] Error : -196608(eVOLNOTMOUNTED_RDSM) in BfM_GetTrain.c:113
[PID=71852][Tue Mar  1 15:28:29 2022] Error : -196608(eVOLNOTMOUNTED_RDSM) in EduOM_Test.c:533
[PID=71852][Tue Mar  1 15:28:29 2022] Error : -1(Unix error code) in EduOM_Test.c:262
[PID=71852][Tue Mar  1 15:28:29 2022] Error : -589829(eNOLOGGEDTRANSACTION_RM) in RM_Transaction.c:311
[PID=71852][Tue Mar  1 15:28:29 2022] Error : -589829(eNOLOGGEDTRANSACTION_RM) in SM_Transaction.c:258
[PID=71852][Tue Mar  1 15:28:29 2022] Error : -589829(eNOLOGGEDTRANSACTION_RM) in SM_ThinLayer.c:761
[PID=71852][Tue Mar  1 15:28:29 2022] Error : -589829(eNOLOGGEDTRANSACTION_RM) in LRDS_Transaction.c:133
[PID=73460][Tue Mar  1 15:31:24 2022] Error : -196608(eVOLNOTMOUNTED_RDSM) in RDsM_ReadTrain.c:90
[PID=73460][Tue Mar  1 15:31:24 2022] Error : -196608(eVOLNOTMOUNTED_RDSM) in bfm_ReadTrain.c:90
[PID=73460][Tue Mar  1 15:31:24 2022] Error : -196608(eVOLNOTMOUNTED_RDSM) in BfM_GetTrain.c:113
[PID=73460][Tue Mar  1 15:31:24 2022] Error : -196608(eVOLNOTMOUNTED_RDSM) in EduOM_Test.c:533
[PID=73460][Tue Mar  1 15:31:24 2022] Error : -196608(eVOLNOTMOUNTED_RDSM) in RDsM_ReadTrain.c:90
[PID=73460][Tue Mar  1 15:31:24 2022] Error : -196608(eVOLNOTMOUNTED_RDSM) in bfm_ReadTrain.c:90
[PID=73460][Tue Mar  1 15:31:24 2022] Error : -196608(eVOLNOTMOUNTED_RDSM) in BfM_GetTrain.c:113
[PID=73460][Tue Mar  1 15:31:24 2022] Error : -196608(eVOLNOTMOUNTED_RDSM) in EduOM_Test.c:533
[PID=73460][Tue Mar  1 15:31:24 2022] Error : -196608(eVOLNOTMOUNTED_RDSM) in RDsM_ReadTrain.c:90
[PID=73460][Tue Mar  1 15:31:24 2022] Error : -196608(eVOLNOTMOUNTED_RDSM) in bfm_ReadTrain.c:90
[PID=73460][Tue Mar  1 15:31:24 2022] Error : -196608(eVOLNOTMOUNTED_RDSM) in BfM_GetTrain.c:113
[PID=73460][Tue Mar  1 15:31:24 2022] Error : -196608(eVOLNOTMOUNTED_RDSM) in EduOM_Test.c:589
[PID=73460][Tue Mar  1 15:31:24 2022] Error : -196608(eVOLNOTMOUNTED_RDSM) in RDsM_ReadTrain.c:90
[PID=73460][Tue Mar  1 15:31:24 2022] Error : -196608(eVOLNOTMOUNTED_RDSM) in bfm_ReadTrain.c:90
[PID=73460][Tue Mar  1 15:31:24 2022] Error : -196608(eVOLNOTMOUNTED_RDSM) in BfM_GetTrain.c:113
[PID=73460][Tue Mar  1 15:31:24 2022] Error : -196608(eVOLNOTMOUNTED_RDSM) in EduOM_Test.c:533
[PID=73460][Tue Mar  1 15:31:24 2022] Error : -196608(eVOLNOTMOUNTED_RDSM) in RDsM_ReadTrain.c:90
[PID=73460][Tue Mar  1 15:31:24 2022] Error : -196608(eVOLNOTMOUNTED_RDSM) in bfm_ReadTrain.c:90
[PID=73460][Tue Mar  1 15:31:24 2022] Error : -196608(eVOLNOTMOUNTED_RDSM) in BfM_GetTrain.c:113
[PID=73460][Tue Mar  1 15:31:24 2022] Error : -196608(eVOLNOTMOUNTED_RDSM) in EduOM_Test.c:533
[PID=73460][Tue Mar  1 15:31:24 2022] Error : -196608(eVOLNOTMOUNTED_RDSM) in RDsM_ReadTrain.c:90
[PID=73460][Tue Mar  1 15:31:24 2022] Error : -196608(eVOLNOTMOUNTED_RDSM) in bfm_ReadTrain.c:90
[PID=73460][Tue Mar  1 15:31:24 2022] Error : -196608(eVOLNOTMOUNTED_RDSM) in BfM_GetTrain.c:113
[PID=73460][Tue Mar  1 15:31:24 2022] Error : -196608(eVOLNOTMOUNTED_RDSM) in EduOM_Test.c:533
[PID=73460][Tue Mar  1 15:31:24 2022] Error : -196608(eVOLNOTMOUNTED_RDSM) in RDsM_ReadTrain.c:90
[PID=73460][Tue Mar  1 15:31:24 2022] Error : -196608(eVOLNOTMOUNTED_RDSM) in bfm_ReadTrain.c:90
[PID=73460][Tue Mar  1 15:31:24 2022] Error : -196608(eVOLNOTMOUNTED_RDSM) in BfM_GetTrain.c:113
[PID=73460][Tue Mar  1 15:31:24 2022] Error : -196608(eVOLNOTMOUNTED_RDSM) in EduOM_Test.c:634
[PID=73460][Tue Mar  1 15:31:24 2022] Error : -196608(eVOLNOTMOUNTED_RDSM) in RDsM_ReadTrain.c:90
[PID=73460][Tue Mar  1 15:31:24 2022] Error : -196608(eVOLNOTMOUNTED_RDSM) in bfm_ReadTrain.c:90
[PID=73460][Tue Mar  1 15:31:24 2022] Error : -196608(eVOLNOTMOUNTED_RDSM) in BfM_GetTrain.c:113
[PID=73460][Tue Mar  1 15:31:24 2022] Error : -196608(eVOLNOTMOUNTED_RDSM) in EduOM_Test.c:533
[PID=73460][Tue Mar  1 15:31:24 2022] Error : -1(Unix error code) in EduOM_Test.c:262
[PID=73460][Tue Mar  1 15:31:24 2022] Error : -589829(eNOLOGGEDTRANSACTION_RM) in RM_Transaction.c:311
[PID=73460][Tue Mar  1 15:31:24 2022] Error : -589829(eNOLOGGEDTRANSACTION_RM) in SM_Transaction.c:258
[PID=73460][Tue Mar  1 15:31:24 2022] Error : -589829(eNOLOGGEDTRANSACTION_RM) in SM_ThinLayer.c:761
[PID=73460][Tue Mar  1 15:31:24 2022] Error : -589829(eNOLOGGEDTRANSACTION_RM) in LRDS_Transaction.c:133
[PID=74265][Tue Mar  1 15:32:48 2022] Error : -196608(eVOLNOTMOUNTED_RDSM) in RDsM_ReadTrain.c:90
[PID=74265][Tue Mar  1 15:32:48 2022] Error : -196608(eVOLNOTMOUNTED_RDSM) in bfm_ReadTrain.c:90
[PID=74265][Tue Mar  1 15:32:48 2022] Error : -196608(eVOLNOTMOUNTED_RDSM) in BfM_GetTrain.c:113
[PID=74265][Tue Mar  1 15:32:48 2022] Error : -196608(eVOLNOTMOUNTED_RDSM) in EduOM_Test.c:533
[PID=74265][Tue Mar  1 15:32:48 2022] Error : -196608(eVOLNOTMOUNTED_RDSM) in RDsM_ReadTrain.c:90
[PID=74265][Tue Mar  1 15:32:48 2022] Error : -196608(eVOLNOTMOUNTED_RDSM) in bfm_ReadTrain.c:90
[PID=74265][Tue Mar  1 15:32:48 2022] Error : -196608(eVOLNOTMOUNTED_RDSM) in BfM_GetTrain.c:113
[PID=74265][Tue Mar  1 15:32:48 2022] Error : -196608(eVOLNOTMOUNTED_RDSM) in EduOM_Test.c:533
[PID=74265][Tue Mar  1 15:32:48 2022] Error : -196608(eVOLNOTMOUNTED_RDSM) in RDsM_ReadTrain.c:90
[PID=74265][Tue Mar  1 15:32:48 2022] Error : -196608(eVOLNOTMOUNTED_RDSM) in bfm_ReadTrain.c:90
[PID=74265][Tue Mar  1 15:32:48 2022] Error : -196608(eVOLNOTMOUNTED_RDSM) in BfM_GetTrain.c:113
[PID=74265][Tue Mar  1 15:32:48 2022] Error : -196608(eVOLNOTMOUNTED_RDSM) in EduOM_Test.c:589
[PID=74265][Tue Mar  1 15:32:48 2022] Error : -196608(eVOLNOTMOUNTED_RDSM) in RDsM_ReadTrain.c:90
[PID=74265][Tue Mar  1 15:32:48 2022] Error : -196608(eVOLNOTMOUNTED_RDSM) in bfm_ReadTrain.c:90
[PID=74265][Tue Mar  1 15:32:48 2022] Error : -196608(eVOLNOTMOUNTED_RDSM) in BfM_GetTrain.c:113
[PID=74265][Tue Mar  1 15:32:48 2022] Error : -196608(eVOLNOTMOUNTED_RDSM) in EduOM_Test.c:533
[PID=74265][Tue Mar  1 15:32:48 2022] Error : -196608(eVOLNOTMOUNTED_RDSM) in RDsM_ReadTrain.c:90
[PID=74265][Tue Mar  1 15:32:48 2022] Error : -196608(eVOLNOTMOUNTED_RDSM) in bfm_ReadTrain.c:90
[PID=74265][Tue Mar  1 15:32:48 2022] Error : -196608(eVOLNOTMOUNTED_RDSM) in BfM_GetTrain.c:113
[PID=74265][Tue Mar  1 15:32:48 2022] Error : -196608(eVOLNOTMOUNTED_RDSM) in EduOM_Test.c:533
[PID=74265][Tue Mar  1 15:32:48 2022] Error : -196608(eVOLNOTMOUNTED_RDSM) in RDsM_ReadTrain.c:90
[PID=74265][Tue Mar  1 15:32:48 2022] Error : -196608(eVOLNOTMOUNTED_RDSM) in bfm_ReadTrain.c:90
[PID=74265][Tue Mar  1 15:32:48 2022] Error : -196608(eVOLNOTMOUNTED_RDSM) in BfM_GetTrain.c:113
[PID=74265][Tue Mar  1 15:32:48 2022] Error : -196608(eVOLNOTMOUNTED_RDSM) in EduOM_Test.c:533
[PID=74265][Tue Mar  1 15:32:48 2022] Error : -196608(eVOLNOTMOUNTED_RDSM) in RDsM_ReadTrain.c:90
[PID=74265][Tue Mar  1 15:32:48 2022] Error : -196608(eVOLNOTMOUNTED_RDSM) in bfm_ReadTrain.c:90
[PID=74265][Tue Mar  1 15:32:48 2022] Error : -196608(eVOLNOTMOUNTED_RDSM) in BfM_GetTrain.c:113
[PID=74265][Tue Mar  1 15:32:48 2022] Error : -196608(eVOLNOTMOUNTED_RDSM) in EduOM_Test.c:634
[PID=74265][Tue Mar  1 15:32:48 2022] Error : -196608(eVOLNOTMOUNTED_RDSM) in RDsM_ReadTrain.c:90
[PID=74265][Tue Mar  1 15:32:48 2022] Error : -196608(eVOLNOTMOUNTED_RDSM) in bfm_ReadTrain.c:90
[PID=74265][Tue Mar  1 15:32:48 2022] Error : -196608(eVOLNOTMOUNTED_RDSM) in BfM_GetTrain.c:113
[PID=74265][Tue Mar  1 15:32:48 2022] Error : -196608(eVOLNOTMOUNTED_RDSM) in EduOM_Test.c:533
[PID=74265][Tue Mar  1 15:32:48 2022] Error : -1(Unix error code) in EduOM_Test.c:262
[PID=74265][Tue Mar  1 15:32:48 2022] Error : -589829(eNOLOGGEDTRANSACTION_RM) in RM_Transaction.c:311
[PID=74265][Tue Mar  1 15:32:48 2022] Error : -589829(eNOLOGGEDTRANSACTION_RM) in SM_Transaction.c:258
[PID=74265][Tue Mar  1 15:32:48 2022] Error : -589829(eNOLOGGEDTRANSACTION_RM) in SM_ThinLayer.c:761
[PID=74265][Tue Mar  1 15:32:48 2022] Error : -589829(eNOLOGGEDTRANSACTION_RM) in LRDS_Transaction.c:133
[PID=9677][Wed Apr  6 22:48:00 2022] Error : -196608(eVOLNOTMOUNTED_RDSM) in RDsM_ReadTrain.c:90
[PID=9677][Wed Apr  6 22:48:00 2022] Error : -196608(eVOLNOTMOUNTED_RDSM) in bfm_ReadTrain.c:90
[PID=9677][Wed Apr  6 22:48:00 2022] Error : -196608(eVOLNOTMOUNTED_RDSM) in BfM_GetTrain.c:113
[PID=9677][Wed Apr  6 22:48:00 2022] Error : -196608(eVOLNOTMOUNTED_RDSM) in EduOM_Test.c:533
[PID=9677][Wed Apr  6 22:48:00 2022] Error : -196608(eVOLNOTMOUNTED_RDSM) in RDsM_ReadTrain.c:90
[PID=9677][Wed Apr  6 22:48:00 2022] Error : -196608(eVOLNOTMOUNTED_RDSM) in bfm_ReadTrain.c:90
[PID=9677][Wed Apr  6 22:48:00 2022] Error : -196608(eVOLNOTMOUNTED_RDSM) in BfM_GetTrain.c:113
[PID=9677][Wed Apr  6 22:48:00 2022] Error : -196608(eVOLNOTMOUNTED_RDSM) in EduOM_Test.c:533
[PID=9677][Wed Apr  6 22:48:00 2022] Error : -196608(eVOLNOTMOUNTED_RDSM) in RDsM_ReadTrain.c:90
[PID=9677][Wed Apr  6 22:48:00 2022] Error : -196608(eVOLNOTMOUNTED_RDSM) in bfm_ReadTrain.c:90
[PID=9677][Wed Apr  6 22:48:00 2022] Error : -196608(eVOLNOTMOUNTED_RDSM) in BfM_GetTrain.c:113
[PID=9677][Wed Apr  6 22:48:00 2022] Error : -196608(eVOLNOTMOUNTED_RDSM) in EduOM_Test.c:589
[PID=9677][Wed Apr  6 22:48:00 2022] Error : -196608(eVOLNOTMOUNTED_RDSM) in RDsM_ReadTrain.c:90
[PID=9677][Wed Apr  6 22:48:00 2022] Error : -196608(eVOLNOTMOUNTED_RDSM) in bfm_ReadTrain.c:90
[PID=9677][Wed Apr  6 22:48:00 2022] Error : -196608(eVOLNOTMOUNTED_RDSM) in BfM_GetTrain.c:113
[PID=9677][Wed Apr  6 22:48:00 2022] Error : -196608(eVOLNOTMOUNTED_RDSM) in EduOM_Test.c:533
[PID=9677][Wed Apr  6 22:48:00 2022] Error : -196608(eVOLNOTMOUNTED_RDSM) in RDsM_ReadTrain.c:90
[PID=9677][Wed Apr  6 22:48:00 2022] Error : -196608(eVOLNOTMOUNTED_RDSM) in bfm_ReadTrain.c:90
[PID=9677][Wed Apr  6 22:48:00 2022] Error : -196608(eVOLNOTMOUNTED_RDSM) in BfM_GetTrain.c:113
[PID=9677][Wed Apr  6 22:48:00 2022] Error : -196608(eVOLNOTMOUNTED_RDSM) in EduOM_Test.c:533
[PID=9677][Wed Apr  6 22:48:00 2022] Error : -196608(eVOLNOTMOUNTED_RDSM) in RDsM_ReadTrain.c:90
[PID=9677][Wed Apr  6 22:48:00 2022] Error : -196608(eVOLNOTMOUNTED_RDSM) in bfm_ReadTrain.c:90
[PID=9677][Wed Apr  6 22:48:00 2022] Error : -196608(eVOLNOTMOUNTED_RDSM) in BfM_GetTrain.c:113
[PID=9677][Wed Apr  6 22:48:00 2022] Error : -196608(eVOLNOTMOUNTED_RDSM) in EduOM_Test.c:533
[PID=9677][Wed Apr  6 22:48:00 2022] Error : -196608(eVOLNOTMOUNTED_RDSM) in RDsM_ReadTrain.c:90
[PID=9677][Wed Apr  6 22:48:00 2022] Error : -196608(eVOLNOTMOUNTED_RDSM) in bfm_ReadTrain.c:90
[PID=9677][Wed Apr  6 22:48:00 2022] Error : -196608(eVOLNOTMOUNTED_RDSM) in BfM_GetTrain.c:113
[PID=9677][Wed Apr  6 22:48:00 2022] Error : -196608(eVOLNOTMOUNTED_RDSM) in EduOM_Test.c:634
[PID=9677][Wed Apr  6 22:48:00 2022] Error : -196608(eVOLNOTMOUNTED_RDSM) in RDsM_ReadTrain.c:90
[PID=9677][Wed Apr  6 22:48:00 2022] Error : -196608(eVOLNOTMOUNTED_RDSM) in bfm_ReadTrain.c:90
[PID=9677][Wed Apr  6 22:48:00 2022] Error : -196608(eVOLNOTMOUNTED_RDSM) in BfM_GetTrain.c:113
[PID=9677][Wed Apr  6 22:48:00 2022] Error : -196608(eVOLNOTMOUNTED_RDSM) in EduOM_Test.c:533
[PID=9677][Wed Apr  6 22:48:00 2022] Error : -1(Unix error code) in EduOM_Test.c:262
[PID=9677][Wed Apr  6 22:48:00 2022] Error : -589829(eNOLOGGEDTRANSACTION_RM) in RM_Transaction.c:311
[PID=9677][Wed Apr  6 22:48:00 2022] Error : -589829(eNOLOGGEDTRANSACTION_RM) in SM_Transaction.c:258
[PID=9677][Wed Apr  6 22:48:00 2022] Error : -589829(eNOLOGGEDTRANSACTION_RM) in SM_ThinLayer.c:761
[PID=9677][Wed Apr  6 22:48:00 2022] Error : -589829(eNOLOGGEDTRANSACTION_RM) in LRDS_Transaction.c:133
[PID=19018][Thu Apr  7 18:00:07 2022] Error : -196608(eVOLNOTMOUNTED_RDSM) in RDsM_ReadTrain.c:90
[PID=19018][Thu Apr  7 18:00:07 2022] Error : -196608(eVOLNOTMOUNTED_RDSM) in bfm_ReadTrain.c:90
[PID=19018][Thu Apr  7 18:00:07 2022] Error : -196608(eVOLNOTMOUNTED_RDSM) in BfM_GetTrain.c:113
[PID=19018][Thu Apr  7 18:00:07 2022] Error : -196608(eVOLNOTMOUNTED_RDSM) in EduOM_NextObject.c:94
[PID=19018][Thu Apr  7 18:00:07 2022] Error : -196608(eVOLNOTMOUNTED_RDSM) in EduOM_Test.c:355
[PID=19018][Thu Apr  7 18:00:07 2022] Error : -589829(eNOLOGGEDTRANSACTION_RM) in RM_Transaction.c:311
[PID=19018][Thu Apr  7 18:00:07 2022] Error : -589829(eNOLOGGEDTRANSACTION_RM) in SM_Transaction.c:258
[PID=19018][Thu Apr  7 18:00:07 2022] Error : -589829(eNOLOGGEDTRANSACTION_RM) in SM_ThinLayer.c:761
[PID=19018][Thu Apr  7 18:00:07 2022] Error : -589829(eNOLOGGEDTRANSACTION_RM) in LRDS_Transaction.c:133
[PID=19383][Thu Apr  7 18:07:10 2022] Error : -196608(eVOLNOTMOUNTED_RDSM) in RDsM_ReadTrain.c:90
[PID=19383][Thu Apr  7 18:07:10 2022] Error : -196608(eVOLNOTMOUNTED_RDSM) in bfm_ReadTrain.c:90
[PID=19383][Thu Apr  7 18:07:10 2022] Error : -196608(eVOLNOTMOUNTED_RDSM) in BfM_GetTrain.c:113
[PID=19383][Thu Apr  7 18:07:10 2022] Error : -196608(eVOLNOTMOUNTED_RDSM) in EduOM_NextObject.c:94
[PID=19383][Thu Apr  7 18:07:10 2022] Error : -196608(eVOLNOTMOUNTED_RDSM) in EduOM_Test.c:355
[PID=19383][Thu Apr  7 18:07:10 2022] Error : -589829(eNOLOGGEDTRANSACTION_RM) in RM_Transaction.c:311
[PID=19383][Thu Apr  7 18:07:10 2022] Error : -589829(eNOLOGGEDTRANSACTION_RM) in SM_Transaction.c:258
[PID=19383][Thu Apr  7 18:07:10 2022] Error : -589829(eNOLOGGEDTRANSACTION_RM) in SM_ThinLayer.c:761
[PID=19383][Thu Apr  7 18:07:10 2022] Error : -589829(eNOLOGGEDTRANSACTION_RM) in LRDS_Transaction.c:133
[PID=19498][Thu Apr  7 18:07:37 2022] Error : -262147(eBADHASHKEY_BFM) in BfM_GetTrain.c:160
[PID=19498][Thu Apr  7 18:07:37 2022] Error : -262147(eBADHASHKEY_BFM) in EduOM_NextObject.c:94
[PID=19498][Thu Apr  7 18:07:37 2022] Error : -262147(eBADHASHKEY_BFM) in EduOM_Test.c:355
[PID=19498][Thu Apr  7 18:07:37 2022] Error : -589829(eNOLOGGEDTRANSACTION_RM) in RM_Transaction.c:311
[PID=19498][Thu Apr  7 18:07:37 2022] Error : -589829(eNOLOGGEDTRANSACTION_RM) in SM_Transaction.c:258
[PID=19498][Thu Apr  7 18:07:37 2022] Error : -589829(eNOLOGGEDTRANSACTION_RM) in SM_ThinLayer.c:761
[PID=19498][Thu Apr  7 18:07:37 2022] Error : -589829(eNOLOGGEDTRANSACTION_RM) in LRDS_Transaction.c:133
[PID=19634][Thu Apr  7 18:10:53 2022] Error : -262147(eBADHASHKEY_BFM) in BfM_GetTrain.c:160
[PID=19634][Thu Apr  7 18:10:53 2022] Error : -262147(eBADHASHKEY_BFM) in EduOM_NextObject.c:94
[PID=19634][Thu Apr  7 18:10:53 2022] Error : -262147(eBADHASHKEY_BFM) in EduOM_Test.c:355
[PID=19634][Thu Apr  7 18:10:53 2022] Error : -589829(eNOLOGGEDTRANSACTION_RM) in RM_Transaction.c:311
[PID=19634][Thu Apr  7 18:10:53 2022] Error : -589829(eNOLOGGEDTRANSACTION_RM) in SM_Transaction.c:258
[PID=19634][Thu Apr  7 18:10:53 2022] Error : -589829(eNOLOGGEDTRANSACTION_RM) in SM_ThinLayer.c:761
[PID=19634][Thu Apr  7 18:10:53 2022] Error : -589829(eNOLOGGEDTRANSACTION_RM) in LRDS_Transaction.c:133
[PID=19821][Thu Apr  7 18:13:26 2022] Error : -196608(eVOLNOTMOUNTED_RDSM) in RDsM_ReadTrain.c:90
[PID=19821][Thu Apr  7 18:13:26 2022] Error : -196608(eVOLNOTMOUNTED_RDSM) in bfm_ReadTrain.c:90
[PID=19821][Thu Apr  7 18:13:26 2022] Error : -196608(eVOLNOTMOUNTED_RDSM) in BfM_GetTrain.c:113
[PID=19821][Thu Apr  7 18:13:26 2022] Error : -196608(eVOLNOTMOUNTED_RDSM) in EduOM_NextObject.c:94
[PID=19821][Thu Apr  7 18:13:26 2022] Error : -196608(eVOLNOTMOUNTED_RDSM) in EduOM_Test.c:355
[PID=19821][Thu Apr  7 18:13:26 2022] Error : -589829(eNOLOGGEDTRANSACTION_RM) in RM_Transaction.c:311
[PID=19821][Thu Apr  7 18:13:26 2022] Error : -589829(eNOLOGGEDTRANSACTION_RM) in SM_Transaction.c:258
[PID=19821][Thu Apr  7 18:13:26 2022] Error : -589829(eNOLOGGEDTRANSACTION_RM) in SM_ThinLayer.c:761
[PID=19821][Thu Apr  7 18:13:26 2022] Error : -589829(eNOLOGGEDTRANSACTION_RM) in LRDS_Transaction.c:133
[PID=19947][Thu Apr  7 18:14:24 2022] Error : -262147(eBADHASHKEY_BFM) in BfM_GetTrain.c:160
[PID=19947][Thu Apr  7 18:14:24 2022] Error : -262147(eBADHASHKEY_BFM) in EduOM_NextObject.c:94
[PID=19947][Thu Apr  7 18:14:24 2022] Error : -262147(eBADHASHKEY_BFM) in EduOM_Test.c:355
[PID=19947][Thu Apr  7 18:14:24 2022] Error : -589829(eNOLOGGEDTRANSACTION_RM) in RM_Transaction.c:311
[PID=19947][Thu Apr  7 18:14:24 2022] Error : -589829(eNOLOGGEDTRANSACTION_RM) in SM_Transaction.c:258
[PID=19947][Thu Apr  7 18:14:24 2022] Error : -589829(eNOLOGGEDTRANSACTION_RM) in SM_ThinLayer.c:761
[PID=19947][Thu Apr  7 18:14:24 2022] Error : -589829(eNOLOGGEDTRANSACTION_RM) in LRDS_Transaction.c:133
[PID=20181][Thu Apr  7 18:15:46 2022] Error : -262147(eBADHASHKEY_BFM) in BfM_GetTrain.c:160
[PID=20181][Thu Apr  7 18:15:46 2022] Error : -262147(eBADHASHKEY_BFM) in EduOM_NextObject.c:94
[PID=20181][Thu Apr  7 18:15:46 2022] Error : -262147(eBADHASHKEY_BFM) in EduOM_Test.c:355
[PID=20181][Thu Apr  7 18:15:46 2022] Error : -589829(eNOLOGGEDTRANSACTION_RM) in RM_Transaction.c:311
[PID=20181][Thu Apr  7 18:15:46 2022] Error : -589829(eNOLOGGEDTRANSACTION_RM) in SM_Transaction.c:258
[PID=20181][Thu Apr  7 18:15:46 2022] Error : -589829(eNOLOGGEDTRANSACTION_RM) in SM_ThinLayer.c:761
[PID=20181][Thu Apr  7 18:15:46 2022] Error : -589829(eNOLOGGEDTRANSACTION_RM) in LRDS_Transaction.c:133
[PID=22458][Thu Apr  7 19:41:06 2022] Error : -196608(eVOLNOTMOUNTED_RDSM) in RDsM_ReadTrain.c:90
[PID=22458][Thu Apr  7 19:41:06 2022] Error : -196608(eVOLNOTMOUNTED_RDSM) in bfm_ReadTrain.c:90
[PID=22458][Thu Apr  7 19:41:06 2022] Error : -196608(eVOLNOTMOUNTED_RDSM) in BfM_GetTrain.c:113
[PID=22458][Thu Apr  7 19:41:06 2022] Error : -196608(eVOLNOTMOUNTED_RDSM) in EduOM_CreateObject.c:255
[PID=22458][Thu Apr  7 19:41:06 2022] Error : -262150(eNOTFOUND_BFM) in BfM_FreeTrain.c:80
[PID=22458][Thu Apr  7 19:41:06 2022] Error : -196608(eVOLNOTMOUNTED_RDSM) in EduOM_CreateObject.c:113
[PID=22458][Thu Apr  7 19:41:06 2022] Error : -196608(eVOLNOTMOUNTED_RDSM) in EduOM_Test.c:101
[PID=22458][Thu Apr  7 19:41:06 2022] Error : -589829(eNOLOGGEDTRANSACTION_RM) in RM_Transaction.c:311
[PID=22458][Thu Apr  7 19:41:06 2022] Error : -589829(eNOLOGGEDTRANSACTION_RM) in SM_Transaction.c:258
[PID=22458][Thu Apr  7 19:41:06 2022] Error : -589829(eNOLOGGEDTRANSACTION_RM) in SM_ThinLayer.c:761
[PID=22458][Thu Apr  7 19:41:06 2022] Error : -589829(eNOLOGGEDTRANSACTION_RM) in LRDS_Transaction.c:133
[PID=22589][Thu Apr  7 19:42:54 2022] Error : -262149(eFLUSHFIXEDBUF_BFM) in BfM_Dismount.c:110
[PID=22589][Thu Apr  7 19:42:54 2022] Error : -262149(eFLUSHFIXEDBUF_BFM) in SM_Dismount.c:104
[PID=22589][Thu Apr  7 19:42:54 2022] Error : -262149(eFLUSHFIXEDBUF_BFM) in LRDS_Dismount.c:246
[PID=22589][Thu Apr  7 19:42:54 2022] Error : -262149(eFLUSHFIXEDBUF_BFM) in LRDS_Dismount.c:143
[PID=23164][Thu Apr  7 19:47:57 2022] Error : -196608(eVOLNOTMOUNTED_RDSM) in RDsM_ReadTrain.c:90
[PID=23164][Thu Apr  7 19:47:57 2022] Error : -196608(eVOLNOTMOUNTED_RDSM) in bfm_ReadTrain.c:90
[PID=23164][Thu Apr  7 19:47:57 2022] Error : -196608(eVOLNOTMOUNTED_RDSM) in BfM_GetTrain.c:113
[PID=23164][Thu Apr  7 19:47:57 2022] Error : -196608(eVOLNOTMOUNTED_RDSM) in EduOM_CreateObject.c:227
